0 info it worked if it ends with ok
1 verbose cli [ 'node', '/usr/local/bin/npm', 'publish' ]
2 info using npm@1.3.11
3 info using node@v0.10.20
4 verbose publish [ '.' ]
5 verbose cache add [ '.', null ]
6 verbose cache add name=undefined spec="." args=[".",null]
7 verbose parsed url { protocol: null,
7 verbose parsed url   slashes: null,
7 verbose parsed url   auth: null,
7 verbose parsed url   host: null,
7 verbose parsed url   port: null,
7 verbose parsed url   hostname: null,
7 verbose parsed url   hash: null,
7 verbose parsed url   search: null,
7 verbose parsed url   query: null,
7 verbose parsed url   pathname: '.',
7 verbose parsed url   path: '.',
7 verbose parsed url   href: '.' }
8 silly lockFile 3a52ce78- .
9 verbose lock . /Users/dschnare/.npm/3a52ce78-.lock
10 verbose tar pack [ '/var/folders/33/vr03v_8d79qc_k00hq2dmwdc0000gn/T/npm-13864-H01hJu2H/1397844720016-0.9658717177808285/tmp.tgz',
10 verbose tar pack   '.' ]
11 verbose tarball /var/folders/33/vr03v_8d79qc_k00hq2dmwdc0000gn/T/npm-13864-H01hJu2H/1397844720016-0.9658717177808285/tmp.tgz
12 verbose folder .
13 silly lockFile 1f1177db-tar tar://.
14 verbose lock tar://. /Users/dschnare/.npm/1f1177db-tar.lock
15 silly lockFile cbc9c5b8-20016-0-9658717177808285-tmp-tgz tar:///var/folders/33/vr03v_8d79qc_k00hq2dmwdc0000gn/T/npm-13864-H01hJu2H/1397844720016-0.9658717177808285/tmp.tgz
16 verbose lock tar:///var/folders/33/vr03v_8d79qc_k00hq2dmwdc0000gn/T/npm-13864-H01hJu2H/1397844720016-0.9658717177808285/tmp.tgz /Users/dschnare/.npm/cbc9c5b8-20016-0-9658717177808285-tmp-tgz.lock
17 silly lockFile 1f1177db-tar tar://.
18 silly lockFile 1f1177db-tar tar://.
19 silly lockFile cbc9c5b8-20016-0-9658717177808285-tmp-tgz tar:///var/folders/33/vr03v_8d79qc_k00hq2dmwdc0000gn/T/npm-13864-H01hJu2H/1397844720016-0.9658717177808285/tmp.tgz
20 silly lockFile cbc9c5b8-20016-0-9658717177808285-tmp-tgz tar:///var/folders/33/vr03v_8d79qc_k00hq2dmwdc0000gn/T/npm-13864-H01hJu2H/1397844720016-0.9658717177808285/tmp.tgz
21 verbose tar unpack /var/folders/33/vr03v_8d79qc_k00hq2dmwdc0000gn/T/npm-13864-H01hJu2H/1397844720016-0.9658717177808285/tmp.tgz
22 silly lockFile 1e130263-20016-0-9658717177808285-package tar:///var/folders/33/vr03v_8d79qc_k00hq2dmwdc0000gn/T/npm-13864-H01hJu2H/1397844720016-0.9658717177808285/package
23 verbose lock tar:///var/folders/33/vr03v_8d79qc_k00hq2dmwdc0000gn/T/npm-13864-H01hJu2H/1397844720016-0.9658717177808285/package /Users/dschnare/.npm/1e130263-20016-0-9658717177808285-package.lock
24 silly lockFile cbc9c5b8-20016-0-9658717177808285-tmp-tgz tar:///var/folders/33/vr03v_8d79qc_k00hq2dmwdc0000gn/T/npm-13864-H01hJu2H/1397844720016-0.9658717177808285/tmp.tgz
25 verbose lock tar:///var/folders/33/vr03v_8d79qc_k00hq2dmwdc0000gn/T/npm-13864-H01hJu2H/1397844720016-0.9658717177808285/tmp.tgz /Users/dschnare/.npm/cbc9c5b8-20016-0-9658717177808285-tmp-tgz.lock
26 silly gunzTarPerm modes [ '755', '644' ]
27 silly gunzTarPerm extractEntry package.json
28 silly gunzTarPerm extractEntry .npmignore
29 silly gunzTarPerm extractEntry README.md
30 silly gunzTarPerm extractEntry LICENSE
31 silly gunzTarPerm extractEntry constructor-kit.js
32 silly gunzTarPerm extractEntry bower.json
33 silly gunzTarPerm extractEntry spec/constructorKitSpec.js
34 silly gunzTarPerm extractEntry spec-runner.html
35 silly lockFile 1e130263-20016-0-9658717177808285-package tar:///var/folders/33/vr03v_8d79qc_k00hq2dmwdc0000gn/T/npm-13864-H01hJu2H/1397844720016-0.9658717177808285/package
36 silly lockFile 1e130263-20016-0-9658717177808285-package tar:///var/folders/33/vr03v_8d79qc_k00hq2dmwdc0000gn/T/npm-13864-H01hJu2H/1397844720016-0.9658717177808285/package
37 silly lockFile cbc9c5b8-20016-0-9658717177808285-tmp-tgz tar:///var/folders/33/vr03v_8d79qc_k00hq2dmwdc0000gn/T/npm-13864-H01hJu2H/1397844720016-0.9658717177808285/tmp.tgz
38 silly lockFile cbc9c5b8-20016-0-9658717177808285-tmp-tgz tar:///var/folders/33/vr03v_8d79qc_k00hq2dmwdc0000gn/T/npm-13864-H01hJu2H/1397844720016-0.9658717177808285/tmp.tgz
39 verbose tar pack [ '/Users/dschnare/.npm/Constructor-Kit/0.0.4/package.tgz',
39 verbose tar pack   '/var/folders/33/vr03v_8d79qc_k00hq2dmwdc0000gn/T/npm-13864-H01hJu2H/1397844720016-0.9658717177808285/package' ]
40 verbose tarball /Users/dschnare/.npm/Constructor-Kit/0.0.4/package.tgz
41 verbose folder /var/folders/33/vr03v_8d79qc_k00hq2dmwdc0000gn/T/npm-13864-H01hJu2H/1397844720016-0.9658717177808285/package
42 silly lockFile 1e130263-20016-0-9658717177808285-package tar:///var/folders/33/vr03v_8d79qc_k00hq2dmwdc0000gn/T/npm-13864-H01hJu2H/1397844720016-0.9658717177808285/package
43 verbose lock tar:///var/folders/33/vr03v_8d79qc_k00hq2dmwdc0000gn/T/npm-13864-H01hJu2H/1397844720016-0.9658717177808285/package /Users/dschnare/.npm/1e130263-20016-0-9658717177808285-package.lock
44 silly lockFile 3e8ff95d-onstructor-Kit-0-0-4-package-tgz tar:///Users/dschnare/.npm/Constructor-Kit/0.0.4/package.tgz
45 verbose lock tar:///Users/dschnare/.npm/Constructor-Kit/0.0.4/package.tgz /Users/dschnare/.npm/3e8ff95d-onstructor-Kit-0-0-4-package-tgz.lock
46 silly lockFile 1e130263-20016-0-9658717177808285-package tar:///var/folders/33/vr03v_8d79qc_k00hq2dmwdc0000gn/T/npm-13864-H01hJu2H/1397844720016-0.9658717177808285/package
47 silly lockFile 1e130263-20016-0-9658717177808285-package tar:///var/folders/33/vr03v_8d79qc_k00hq2dmwdc0000gn/T/npm-13864-H01hJu2H/1397844720016-0.9658717177808285/package
48 silly lockFile 3e8ff95d-onstructor-Kit-0-0-4-package-tgz tar:///Users/dschnare/.npm/Constructor-Kit/0.0.4/package.tgz
49 silly lockFile 3e8ff95d-onstructor-Kit-0-0-4-package-tgz tar:///Users/dschnare/.npm/Constructor-Kit/0.0.4/package.tgz
50 silly lockFile 507d1c67-pm-Constructor-Kit-0-0-4-package /Users/dschnare/.npm/Constructor-Kit/0.0.4/package
51 verbose lock /Users/dschnare/.npm/Constructor-Kit/0.0.4/package /Users/dschnare/.npm/507d1c67-pm-Constructor-Kit-0-0-4-package.lock
52 silly lockFile 507d1c67-pm-Constructor-Kit-0-0-4-package /Users/dschnare/.npm/Constructor-Kit/0.0.4/package
53 silly lockFile 507d1c67-pm-Constructor-Kit-0-0-4-package /Users/dschnare/.npm/Constructor-Kit/0.0.4/package
54 verbose tar unpack /Users/dschnare/.npm/Constructor-Kit/0.0.4/package.tgz
55 silly lockFile 5558f7be-pm-Constructor-Kit-0-0-4-package tar:///Users/dschnare/.npm/Constructor-Kit/0.0.4/package
56 verbose lock tar:///Users/dschnare/.npm/Constructor-Kit/0.0.4/package /Users/dschnare/.npm/5558f7be-pm-Constructor-Kit-0-0-4-package.lock
57 silly lockFile 3e8ff95d-onstructor-Kit-0-0-4-package-tgz tar:///Users/dschnare/.npm/Constructor-Kit/0.0.4/package.tgz
58 verbose lock tar:///Users/dschnare/.npm/Constructor-Kit/0.0.4/package.tgz /Users/dschnare/.npm/3e8ff95d-onstructor-Kit-0-0-4-package-tgz.lock
59 silly gunzTarPerm modes [ '755', '644' ]
60 silly gunzTarPerm extractEntry package.json
61 silly gunzTarPerm extractEntry .npmignore
62 silly gunzTarPerm extractEntry README.md
63 silly gunzTarPerm extractEntry LICENSE
64 silly gunzTarPerm extractEntry constructor-kit.js
65 silly gunzTarPerm extractEntry bower.json
66 silly gunzTarPerm extractEntry spec/constructorKitSpec.js
67 silly gunzTarPerm extractEntry spec-runner.html
68 silly lockFile 5558f7be-pm-Constructor-Kit-0-0-4-package tar:///Users/dschnare/.npm/Constructor-Kit/0.0.4/package
69 silly lockFile 5558f7be-pm-Constructor-Kit-0-0-4-package tar:///Users/dschnare/.npm/Constructor-Kit/0.0.4/package
70 silly lockFile 3e8ff95d-onstructor-Kit-0-0-4-package-tgz tar:///Users/dschnare/.npm/Constructor-Kit/0.0.4/package.tgz
71 silly lockFile 3e8ff95d-onstructor-Kit-0-0-4-package-tgz tar:///Users/dschnare/.npm/Constructor-Kit/0.0.4/package.tgz
72 verbose chmod /Users/dschnare/.npm/Constructor-Kit/0.0.4/package.tgz 644
73 verbose chown /Users/dschnare/.npm/Constructor-Kit/0.0.4/package.tgz [ 501, 20 ]
74 silly lockFile 3a52ce78- .
75 silly lockFile 3a52ce78- .
76 silly publish { name: 'Constructor-Kit',
76 silly publish   version: '0.0.4',
76 silly publish   description: 'A simple, convenient and backward compatible constructor construction API for JavaScript.',
76 silly publish   main: 'constructor-kit.js',
76 silly publish   scripts: {},
76 silly publish   repository:
76 silly publish    { type: 'git',
76 silly publish      url: 'git://github.com/dschnare/Constructor-Kit.git' },
76 silly publish   devDependencies: { 'jasmine-core': '~2.0.0' },
76 silly publish   author: { name: 'Darren Schnare', email: 'schnare.d@gmail.com' },
76 silly publish   license: 'MIT',
76 silly publish   bugs: { url: 'https://github.com/dschnare/Constructor-Kit/issues' },
76 silly publish   homepage: 'https://github.com/dschnare/Constructor-Kit',
76 silly publish   readme: 'Constructor-Kit\n===============\n\nConstructor Kit is a simple, convenient and backward compatible constructor creation API for JavaScript.\n\nSupports Nodejs, Bower, AMD and loading as a global browser `<script>`.\n\n\n## Advantages\n\n- Built on core JavaScript features, introduces no new concepts\n- Works with all legacy and new JavaScript frameworks\n- Extremely lightweight and easy to use\n\n\n## Example usage\n\n    // The constructorKit() function is aliased by ck() for your convenience.\n    // For this example we\'ll use constructorKit() and not its alias.\n\n    var o = {\n      toString: function () {\n        return \':>\' + Object.prototype.toString.call(this);\n      }\n    };\n\n    var C = constructorKit(function (message) {\n      this.message = message;\n    }, {\n      toString: function () {\n        return this.message + o.toString.call(this);\n      }\n    }, o);\n\n    var D = constructorKit(function () {\n      C.call(this, \'Message from D!\');\n    }, {\n      toString: function () {\n        return C.prototype.toString.call(this).toUpperCase();\n      }\n    }, C);\n\n    var c = new C(\'Hello World!\');\n    var d = new D();\n\n    // Logs: \':>[object Object]\'\n    console.log(\'o.toString:\', o.toString()); \n    // Logs: \'Hello World!:>[object Object]\n    console.log(\'c.toString:\', c.toString()); \n    // Logs: \'MESSAGE FROM D!:>[OBJECT OBJECT]\'\n    console.log(\'d.toString:\', d.toString());\n\n\n## Reference\n\n    constructorKit(constructor)\n    constructorKit(constructor, prototypeProperties)\n    constructorKit(constructor, prototypeProperties, prototypeChain)\n    // Aliases: ck\n\nThe parameter `constructor` is the actual constructor and the `prototypeProperties` parameter is a plain JavaScript object containing all the properties to have mixed into the constructor\'s prototype. The `prototypeChain` is an object or function (i.e. another constructor). A prototype chain will be created with the object or with the function\'s `prototype` property and assigned to the `prototype` property of the `constructor` parameter before returning the `constructor`.\n\n*NOTE: `prototypeProperties` can be null.*\n\n',
76 silly publish   readmeFilename: 'README.md',
76 silly publish   _id: 'Constructor-Kit@0.0.4',
76 silly publish   dist: { shasum: 'bde97897a805e1a31149a8042950dfb88117c9c0' },
76 silly publish   _from: '.' }
77 verbose url raw Constructor-Kit
78 verbose url resolving [ 'https://registry.npmjs.org/', './Constructor-Kit' ]
79 verbose url resolved https://registry.npmjs.org/Constructor-Kit
80 info trying registry request attempt 1 at 14:12:00
81 http PUT https://registry.npmjs.org/Constructor-Kit
82 http 403 https://registry.npmjs.org/Constructor-Kit
83 info trying registry request attempt 1 at 14:12:01
84 http PUT https://registry.npmjs.org/Constructor-Kit
85 http 403 https://registry.npmjs.org/Constructor-Kit
86 error publish Failed PUT response 403
87 error Error: forbidden New packages must have all-lowercase names: Constructor-Kit
87 error     at RegClient.<anonymous> (/usr/local/lib/node_modules/npm/node_modules/npm-registry-client/lib/request.js:272:14)
87 error     at Request.self.callback (/usr/local/lib/node_modules/npm/node_modules/request/request.js:129:22)
87 error     at Request.EventEmitter.emit (events.js:98:17)
87 error     at Request.<anonymous> (/usr/local/lib/node_modules/npm/node_modules/request/request.js:873:14)
87 error     at Request.EventEmitter.emit (events.js:117:20)
87 error     at IncomingMessage.<anonymous> (/usr/local/lib/node_modules/npm/node_modules/request/request.js:824:12)
87 error     at IncomingMessage.EventEmitter.emit (events.js:117:20)
87 error     at _stream_readable.js:920:16
87 error     at process._tickCallback (node.js:415:13)
88 error If you need help, you may report this log at:
88 error     <http://github.com/isaacs/npm/issues>
88 error or email it to:
88 error     <npm-@googlegroups.com>
89 error System Darwin 11.4.2
90 error command "node" "/usr/local/bin/npm" "publish"
91 error cwd /Users/dschnare/Documents/Workspace/Protocol-Kit/Constructor-Kit
92 error node -v v0.10.20
93 error npm -v 1.3.11
94 verbose exit [ 1, true ]
